<?xml version="1.0" encoding="UTF-8"?>
<!-- Generated by org.testng.reporters.JUnitReportReporter -->
<testsuite hostname="LAPTOP-UOC79S8K" failures="0" tests="1" name="jiraApiTesting.RestAssuredApiTest" time="0.320" errors="0" timestamp="2022-03-31T18:12:32 IST" skipped="0">
  <testcase classname="jiraApiTesting.RestAssuredApiTest" name="getIssue" time="0.320"/>
  <system-out/>
</testsuite> <!-- jiraApiTesting.RestAssuredApiTest -->
