<?xml version="1.0" encoding="UTF-8"?>
<!-- Generated by org.testng.reporters.JUnitReportReporter -->
<testsuite hostname="LAPTOP-UOC79S8K" failures="0" tests="6" name="basics.NestedJsonParse" time="1.742" errors="0" timestamp="2022-03-29T19:53:59 IST" skipped="0">
  <testcase classname="basics.NestedJsonParse" name="allCourseTitles" time="0.053"/>
  <system-out/>
  <testcase classname="basics.NestedJsonParse" name="sumOfAllCourses" time="0.110"/>
  <system-out/>
  <testcase classname="basics.NestedJsonParse" name="NumOfCopiesSoldForRpaCourse" time="0.079"/>
  <system-out/>
  <testcase classname="basics.NestedJsonParse" name="titleOfFirstCourse" time="1.451"/>
  <system-out/>
  <testcase classname="basics.NestedJsonParse" name="numOfCourses" time="0.033"/>
  <system-out/>
  <testcase classname="basics.NestedJsonParse" name="validatePurchaseAmount" time="0.016"/>
  <system-out/>
</testsuite> <!-- basics.NestedJsonParse -->
