<?xml version="1.0" encoding="UTF-8"?>
<!-- Generated by org.testng.reporters.JUnitReportReporter -->
<testsuite hostname="LAPTOP-UOC79S8K" failures="0" tests="3" name="libraryApp.DynamicJson" time="3.071" errors="0" timestamp="2022-03-30T20:43:35 IST" skipped="0">
  <testcase classname="libraryApp.DynamicJson" name="getBook" time="0.196"/>
  <system-out/>
  <testcase classname="libraryApp.DynamicJson" name="getBook" time="2.622"/>
  <system-out/>
  <testcase classname="libraryApp.DynamicJson" name="getBook" time="0.253"/>
  <system-out/>
</testsuite> <!-- libraryApp.DynamicJson -->
